# JRE version: OpenJDK Runtime Environment Temurin-17.0.10+7 (17.0.10+7) (build 17.0.10+7)
# Java VM: OpenJDK 64-Bit Server VM Temurin-17.0.10+7 (17.0.10+7, mixed mode, tiered, compressed oops, compressed class ptrs, parallel gc, windows-amd64)
GC Precious Log:
 CPUs: 12 total, 12 available
 Memory: 6005M
 Large Page Support: Disabled
 NUMA Support: Disabled
 Compressed Oops: Enabled (32-bit)
 Alignments: Space 512K, Generation 512K, Heap 2M
 Heap Min Capacity: 100M
 Heap Initial Capacity: 100M
 Heap Max Capacity: 1G
 Pre-touch: Disabled
 Parallel Workers: 10
Heap:
 PSYoungGen      total 26112K, used 16925K [0x00000000eab00000, 0x00000000ec980000, 0x0000000100000000)
  eden space 20992K, 58% used [0x00000000eab00000,0x00000000eb6f15d8,0x00000000ebf80000)
  from space 5120K, 91% used [0x00000000ec480000,0x00000000ec9160d0,0x00000000ec980000)
  to   space 5120K, 0% used [0x00000000ebf80000,0x00000000ebf80000,0x00000000ec480000)
 ParOldGen       total 68608K, used 49545K [0x00000000c0000000, 0x00000000c4300000, 0x00000000eab00000)
  object space 68608K, 72% used [0x00000000c0000000,0x00000000c3062470,0x00000000c4300000)
 Metaspace       used 54087K, committed 55040K, reserved 1114112K
  class space    used 5787K, committed 6208K, reserved 1048576K
GC Heap History (20 events):
Event: 19.290 GC heap before
{Heap before GC invocations=23 (full 2):
 PSYoungGen      total 24576K, used 24512K [0x00000000eab00000, 0x00000000ec580000, 0x0000000100000000)
  eden space 22016K, 100% used [0x00000000eab00000,0x00000000ec080000,0x00000000ec080000)
  from space 2560K, 97% used [0x00000000ec300000,0x00000000ec570000,0x00000000ec580000)
  to   space 2560K, 0% used [0x00000000ec080000,0x00000000ec080000,0x00000000ec300000)
 ParOldGen       total 68608K, used 27440K [0x00000000c0000000, 0x00000000c4300000, 0x00000000eab00000)
  object space 68608K, 39% used [0x00000000c0000000,0x00000000c1acc050,0x00000000c4300000)
 Metaspace       used 51796K, committed 52736K, reserved 1114112K
  class space    used 5597K, committed 6016K, reserved 1048576K
}
Event: 19.293 GC heap after
{Heap after GC invocations=23 (full 2):
 PSYoungGen      total 24576K, used 2528K [0x00000000eab00000, 0x00000000ecb80000, 0x0000000100000000)
  eden space 22016K, 0% used [0x00000000eab00000,0x00000000eab00000,0x00000000ec080000)
  from space 2560K, 98% used [0x00000000ec080000,0x00000000ec2f8010,0x00000000ec300000)
  to   space 5632K, 0% used [0x00000000ec600000,0x00000000ec600000,0x00000000ecb80000)
 ParOldGen       total 68608K, used 29848K [0x00000000c0000000, 0x00000000c4300000, 0x00000000eab00000)
  object space 68608K, 43% used [0x00000000c0000000,0x00000000c1d26050,0x00000000c4300000)
 Metaspace       used 51796K, committed 52736K, reserved 1114112K
  class space    used 5597K, committed 6016K, reserved 1048576K
}
Event: 19.881 GC heap before
{Heap before GC invocations=24 (full 2):
 PSYoungGen      total 24576K, used 24544K [0x00000000eab00000, 0x00000000ecb80000, 0x0000000100000000)
  eden space 22016K, 100% used [0x00000000eab00000,0x00000000ec080000,0x00000000ec080000)
  from space 2560K, 98% used [0x00000000ec080000,0x00000000ec2f8010,0x00000000ec300000)
  to   space 5632K, 0% used [0x00000000ec600000,0x00000000ec600000,0x00000000ecb80000)
 ParOldGen       total 68608K, used 29848K [0x00000000c0000000, 0x00000000c4300000, 0x00000000eab00000)
  object space 68608K, 43% used [0x00000000c0000000,0x00000000c1d26050,0x00000000c4300000)
 Metaspace       used 52479K, committed 53504K, reserved 1114112K
  class space    used 5661K, committed 6080K, reserved 1048576K
}
Event: 19.885 GC heap after
{Heap after GC invocations=24 (full 2):
 PSYoungGen      total 25088K, used 2720K [0x00000000eab00000, 0x00000000ec900000, 0x0000000100000000)
  eden space 22016K, 0% used [0x00000000eab00000,0x00000000eab00000,0x00000000ec080000)
  from space 3072K, 88% used [0x00000000ec600000,0x00000000ec8a8000,0x00000000ec900000)
  to   space 3584K, 0% used [0x00000000ec200000,0x00000000ec200000,0x00000000ec580000)
 ParOldGen       total 68608K, used 32392K [0x00000000c0000000, 0x00000000c4300000, 0x00000000eab00000)
  object space 68608K, 47% used [0x00000000c0000000,0x00000000c1fa2060,0x00000000c4300000)
 Metaspace       used 52479K, committed 53504K, reserved 1114112K
  class space    used 5661K, committed 6080K, reserved 1048576K
}
Event: 20.579 GC heap before
{Heap before GC invocations=25 (full 2):
 PSYoungGen      total 25088K, used 24736K [0x00000000eab00000, 0x00000000ec900000, 0x0000000100000000)
  eden space 22016K, 100% used [0x00000000eab00000,0x00000000ec080000,0x00000000ec080000)
  from space 3072K, 88% used [0x00000000ec600000,0x00000000ec8a8000,0x00000000ec900000)
  to   space 3584K, 0% used [0x00000000ec200000,0x00000000ec200000,0x00000000ec580000)
 ParOldGen       total 68608K, used 32392K [0x00000000c0000000, 0x00000000c4300000, 0x00000000eab00000)
  object space 68608K, 47% used [0x00000000c0000000,0x00000000c1fa2060,0x00000000c4300000)
 Metaspace       used 52715K, committed 53696K, reserved 1114112K
  class space    used 5677K, committed 6080K, reserved 1048576K
}
Event: 20.583 GC heap after
{Heap after GC invocations=25 (full 2):
 PSYoungGen      total 25600K, used 3573K [0x00000000eab00000, 0x00000000ece80000, 0x0000000100000000)
  eden space 22016K, 0% used [0x00000000eab00000,0x00000000eab00000,0x00000000ec080000)
  from space 3584K, 99% used [0x00000000ec200000,0x00000000ec57d5d8,0x00000000ec580000)
  to   space 7168K, 0% used [0x00000000ec780000,0x00000000ec780000,0x00000000ece80000)
 ParOldGen       total 68608K, used 35019K [0x00000000c0000000, 0x00000000c4300000, 0x00000000eab00000)
  object space 68608K, 51% used [0x00000000c0000000,0x00000000c2232c58,0x00000000c4300000)
 Metaspace       used 52715K, committed 53696K, reserved 1114112K
  class space    used 5677K, committed 6080K, reserved 1048576K
}
Event: 20.709 GC heap before
{Heap before GC invocations=26 (full 2):
 PSYoungGen      total 25600K, used 25589K [0x00000000eab00000, 0x00000000ece80000, 0x0000000100000000)
  eden space 22016K, 100% used [0x00000000eab00000,0x00000000ec080000,0x00000000ec080000)
  from space 3584K, 99% used [0x00000000ec200000,0x00000000ec57d5d8,0x00000000ec580000)
  to   space 7168K, 0% used [0x00000000ec780000,0x00000000ec780000,0x00000000ece80000)
 ParOldGen       total 68608K, used 35019K [0x00000000c0000000, 0x00000000c4300000, 0x00000000eab00000)
  object space 68608K, 51% used [0x00000000c0000000,0x00000000c2232c58,0x00000000c4300000)
 Metaspace       used 52751K, committed 53696K, reserved 1114112K
  class space    used 5683K, committed 6080K, reserved 1048576K
}
Event: 20.714 GC heap after
{Heap after GC invocations=26 (full 2):
 PSYoungGen      total 24576K, used 2146K [0x00000000eab00000, 0x00000000eca00000, 0x0000000100000000)
  eden space 22016K, 0% used [0x00000000eab00000,0x00000000eab00000,0x00000000ec080000)
  from space 2560K, 83% used [0x00000000ec780000,0x00000000ec998a08,0x00000000eca00000)
  to   space 4096K, 0% used [0x00000000ec200000,0x00000000ec200000,0x00000000ec600000)
 ParOldGen       total 68608K, used 38227K [0x00000000c0000000, 0x00000000c4300000, 0x00000000eab00000)
  object space 68608K, 55% used [0x00000000c0000000,0x00000000c2554c78,0x00000000c4300000)
 Metaspace       used 52751K, committed 53696K, reserved 1114112K
  class space    used 5683K, committed 6080K, reserved 1048576K
}
Event: 20.837 GC heap before
{Heap before GC invocations=27 (full 2):
 PSYoungGen      total 24576K, used 24162K [0x00000000eab00000, 0x00000000eca00000, 0x0000000100000000)
  eden space 22016K, 100% used [0x00000000eab00000,0x00000000ec080000,0x00000000ec080000)
  from space 2560K, 83% used [0x00000000ec780000,0x00000000ec998a08,0x00000000eca00000)
  to   space 4096K, 0% used [0x00000000ec200000,0x00000000ec200000,0x00000000ec600000)
 ParOldGen       total 68608K, used 38227K [0x00000000c0000000, 0x00000000c4300000, 0x00000000eab00000)
  object space 68608K, 55% used [0x00000000c0000000,0x00000000c2554c78,0x00000000c4300000)
 Metaspace       used 52920K, committed 53952K, reserved 1114112K
  class space    used 5699K, committed 6144K, reserved 1048576K
}
Event: 20.838 GC heap after
{Heap after GC invocations=27 (full 2):
 PSYoungGen      total 26112K, used 320K [0x00000000eab00000, 0x00000000ec800000, 0x0000000100000000)
  eden space 22016K, 0% used [0x00000000eab00000,0x00000000eab00000,0x00000000ec080000)
  from space 4096K, 7% used [0x00000000ec200000,0x00000000ec250000,0x00000000ec600000)
  to   space 1536K, 0% used [0x00000000ec680000,0x00000000ec680000,0x00000000ec800000)
 ParOldGen       total 68608K, used 38586K [0x00000000c0000000, 0x00000000c4300000, 0x00000000eab00000)
  object space 68608K, 56% used [0x00000000c0000000,0x00000000c25ae938,0x00000000c4300000)
 Metaspace       used 52920K, committed 53952K, reserved 1114112K
  class space    used 5699K, committed 6144K, reserved 1048576K
}
Event: 21.033 GC heap before
{Heap before GC invocations=28 (full 2):
 PSYoungGen      total 26112K, used 22336K [0x00000000eab00000, 0x00000000ec800000, 0x0000000100000000)
  eden space 22016K, 100% used [0x00000000eab00000,0x00000000ec080000,0x00000000ec080000)
  from space 4096K, 7% used [0x00000000ec200000,0x00000000ec250000,0x00000000ec600000)
  to   space 1536K, 0% used [0x00000000ec680000,0x00000000ec680000,0x00000000ec800000)
 ParOldGen       total 68608K, used 38586K [0x00000000c0000000, 0x00000000c4300000, 0x00000000eab00000)
  object space 68608K, 56% used [0x00000000c0000000,0x00000000c25ae938,0x00000000c4300000)
 Metaspace       used 53407K, committed 54400K, reserved 1114112K
  class space    used 5736K, committed 6144K, reserved 1048576K
}
Event: 21.035 GC heap after
{Heap after GC invocations=28 (full 2):
 PSYoungGen      total 23552K, used 1453K [0x00000000eab00000, 0x00000000ec800000, 0x0000000100000000)
  eden space 22016K, 0% used [0x00000000eab00000,0x00000000eab00000,0x00000000ec080000)
  from space 1536K, 94% used [0x00000000ec680000,0x00000000ec7eb510,0x00000000ec800000)
  to   space 2048K, 0% used [0x00000000ec400000,0x00000000ec400000,0x00000000ec600000)
 ParOldGen       total 68608K, used 38722K [0x00000000c0000000, 0x00000000c4300000, 0x00000000eab00000)
  object space 68608K, 56% used [0x00000000c0000000,0x00000000c25d0938,0x00000000c4300000)
 Metaspace       used 53407K, committed 54400K, reserved 1114112K
  class space    used 5736K, committed 6144K, reserved 1048576K
}
Event: 21.515 GC heap before
{Heap before GC invocations=29 (full 2):
 PSYoungGen      total 23552K, used 23469K [0x00000000eab00000, 0x00000000ec800000, 0x0000000100000000)
  eden space 22016K, 100% used [0x00000000eab00000,0x00000000ec080000,0x00000000ec080000)
  from space 1536K, 94% used [0x00000000ec680000,0x00000000ec7eb510,0x00000000ec800000)
  to   space 2048K, 0% used [0x00000000ec400000,0x00000000ec400000,0x00000000ec600000)
 ParOldGen       total 68608K, used 38722K [0x00000000c0000000, 0x00000000c4300000, 0x00000000eab00000)
  object space 68608K, 56% used [0x00000000c0000000,0x00000000c25d0938,0x00000000c4300000)
 Metaspace       used 53786K, committed 54848K, reserved 1114112K
  class space    used 5759K, committed 6208K, reserved 1048576K
}
Event: 21.517 GC heap after
{Heap after GC invocations=29 (full 2):
 PSYoungGen      total 24064K, used 2032K [0x00000000eab00000, 0x00000000ec780000, 0x0000000100000000)
  eden space 22016K, 0% used [0x00000000eab00000,0x00000000eab00000,0x00000000ec080000)
  from space 2048K, 99% used [0x00000000ec400000,0x00000000ec5fc3e8,0x00000000ec600000)
  to   space 1536K, 0% used [0x00000000ec600000,0x00000000ec600000,0x00000000ec780000)
 ParOldGen       total 68608K, used 39591K [0x00000000c0000000, 0x00000000c4300000, 0x00000000eab00000)
  object space 68608K, 57% used [0x00000000c0000000,0x00000000c26a9c90,0x00000000c4300000)
 Metaspace       used 53786K, committed 54848K, reserved 1114112K
  class space    used 5759K, committed 6208K, reserved 1048576K
}
Event: 22.687 GC heap before
{Heap before GC invocations=30 (full 2):
 PSYoungGen      total 24064K, used 24048K [0x00000000eab00000, 0x00000000ec780000, 0x0000000100000000)
  eden space 22016K, 100% used [0x00000000eab00000,0x00000000ec080000,0x00000000ec080000)
  from space 2048K, 99% used [0x00000000ec400000,0x00000000ec5fc3e8,0x00000000ec600000)
  to   space 1536K, 0% used [0x00000000ec600000,0x00000000ec600000,0x00000000ec780000)
 ParOldGen       total 68608K, used 39591K [0x00000000c0000000, 0x00000000c4300000, 0x00000000eab00000)
  object space 68608K, 57% used [0x00000000c0000000,0x00000000c26a9c90,0x00000000c4300000)
 Metaspace       used 54029K, committed 55040K, reserved 1114112K
  class space    used 5783K, committed 6208K, reserved 1048576K
}
Event: 22.691 GC heap after
{Heap after GC invocations=30 (full 2):
 PSYoungGen      total 22528K, used 1533K [0x00000000eab00000, 0x00000000ecd80000, 0x0000000100000000)
  eden space 20992K, 0% used [0x00000000eab00000,0x00000000eab00000,0x00000000ebf80000)
  from space 1536K, 99% used [0x00000000ec600000,0x00000000ec77f470,0x00000000ec780000)
  to   space 6656K, 0% used [0x00000000ebf80000,0x00000000ebf80000,0x00000000ec600000)
 ParOldGen       total 68608K, used 43677K [0x00000000c0000000, 0x00000000c4300000, 0x00000000eab00000)
  object space 68608K, 63% used [0x00000000c0000000,0x00000000c2aa76e0,0x00000000c4300000)
 Metaspace       used 54029K, committed 55040K, reserved 1114112K
  class space    used 5783K, committed 6208K, reserved 1048576K
}
Event: 23.305 GC heap before
{Heap before GC invocations=31 (full 2):
 PSYoungGen      total 22528K, used 22525K [0x00000000eab00000, 0x00000000ecd80000, 0x0000000100000000)
  eden space 20992K, 100% used [0x00000000eab00000,0x00000000ebf80000,0x00000000ebf80000)
  from space 1536K, 99% used [0x00000000ec600000,0x00000000ec77f470,0x00000000ec780000)
  to   space 6656K, 0% used [0x00000000ebf80000,0x00000000ebf80000,0x00000000ec600000)
 ParOldGen       total 68608K, used 43677K [0x00000000c0000000, 0x00000000c4300000, 0x00000000eab00000)
  object space 68608K, 63% used [0x00000000c0000000,0x00000000c2aa76e0,0x00000000c4300000)
 Metaspace       used 54075K, committed 55040K, reserved 1114112K
  class space    used 5787K, committed 6208K, reserved 1048576K
}
Event: 23.309 GC heap after
{Heap after GC invocations=31 (full 2):
 PSYoungGen      total 25600K, used 4587K [0x00000000eab00000, 0x00000000ec980000, 0x0000000100000000)
  eden space 20992K, 0% used [0x00000000eab00000,0x00000000eab00000,0x00000000ebf80000)
  from space 4608K, 99% used [0x00000000ebf80000,0x00000000ec3fadc8,0x00000000ec400000)
  to   space 5120K, 0% used [0x00000000ec480000,0x00000000ec480000,0x00000000ec980000)
 ParOldGen       total 68608K, used 45184K [0x00000000c0000000, 0x00000000c4300000, 0x00000000eab00000)
  object space 68608K, 65% used [0x00000000c0000000,0x00000000c2c202b0,0x00000000c4300000)
 Metaspace       used 54075K, committed 55040K, reserved 1114112K
  class space    used 5787K, committed 6208K, reserved 1048576K
}
Event: 24.021 GC heap before
{Heap before GC invocations=32 (full 2):
 PSYoungGen      total 25600K, used 25579K [0x00000000eab00000, 0x00000000ec980000, 0x0000000100000000)
  eden space 20992K, 100% used [0x00000000eab00000,0x00000000ebf80000,0x00000000ebf80000)
  from space 4608K, 99% used [0x00000000ebf80000,0x00000000ec3fadc8,0x00000000ec400000)
  to   space 5120K, 0% used [0x00000000ec480000,0x00000000ec480000,0x00000000ec980000)
 ParOldGen       total 68608K, used 45184K [0x00000000c0000000, 0x00000000c4300000, 0x00000000eab00000)
  object space 68608K, 65% used [0x00000000c0000000,0x00000000c2c202b0,0x00000000c4300000)
 Metaspace       used 54087K, committed 55040K, reserved 1114112K
  class space    used 5787K, committed 6208K, reserved 1048576K
}
Event: 24.027 GC heap after
{Heap after GC invocations=32 (full 2):
 PSYoungGen      total 26112K, used 4696K [0x00000000eab00000, 0x00000000ec980000, 0x0000000100000000)
  eden space 20992K, 0% used [0x00000000eab00000,0x00000000eab00000,0x00000000ebf80000)
  from space 5120K, 91% used [0x00000000ec480000,0x00000000ec9160d0,0x00000000ec980000)
  to   space 5120K, 0% used [0x00000000ebf80000,0x00000000ebf80000,0x00000000ec480000)
 ParOldGen       total 68608K, used 49545K [0x00000000c0000000, 0x00000000c4300000, 0x00000000eab00000)
  object space 68608K, 72% used [0x00000000c0000000,0x00000000c3062470,0x00000000c4300000)
 Metaspace       used 54087K, committed 55040K, reserved 1114112K
  class space    used 5787K, committed 6208K, reserved 1048576K
}

