# JRE version: OpenJDK Runtime Environment Temurin-17.0.10+7 (17.0.10+7) (build 17.0.10+7)
# Java VM: OpenJDK 64-Bit Server VM Temurin-17.0.10+7 (17.0.10+7, mixed mode, tiered, compressed oops, compressed class ptrs, parallel gc, windows-amd64)
GC Precious Log:
 CPUs: 12 total, 12 available
 Memory: 6005M
 Large Page Support: Disabled
 NUMA Support: Disabled
 Compressed Oops: Enabled (32-bit)
 Alignments: Space 512K, Generation 512K, Heap 2M
 Heap Min Capacity: 100M
 Heap Initial Capacity: 100M
 Heap Max Capacity: 1G
 Pre-touch: Disabled
 Parallel Workers: 10
Heap:
 PSYoungGen      total 10752K, used 7797K [0x00000000eab00000, 0x00000000eba00000, 0x0000000100000000)
  eden space 7680K, 61% used [0x00000000eab00000,0x00000000eaf9db20,0x00000000eb280000)
  from space 3072K, 99% used [0x00000000eb280000,0x00000000eb57f908,0x00000000eb580000)
  to   space 3584K, 0% used [0x00000000eb680000,0x00000000eb680000,0x00000000eba00000)
 ParOldGen       total 274432K, used 264812K [0x00000000c0000000, 0x00000000d0c00000, 0x00000000eab00000)
  object space 274432K, 96% used [0x00000000c0000000,0x00000000d029b2e0,0x00000000d0c00000)
 Metaspace       used 54207K, committed 55168K, reserved 1114112K
  class space    used 5785K, committed 6208K, reserved 1048576K
GC Heap History (20 events):
Event: 64.590 GC heap before
{Heap before GC invocations=290 (full 10):
 PSYoungGen      total 7680K, used 7594K [0x00000000eab00000, 0x00000000eb400000, 0x0000000100000000)
  eden space 6144K, 100% used [0x00000000eab00000,0x00000000eb100000,0x00000000eb100000)
  from space 1536K, 94% used [0x00000000eb200000,0x00000000eb36a950,0x00000000eb380000)
  to   space 512K, 0% used [0x00000000eb380000,0x00000000eb380000,0x00000000eb400000)
 ParOldGen       total 248832K, used 244092K [0x00000000c0000000, 0x00000000cf300000, 0x00000000eab00000)
  object space 248832K, 98% used [0x00000000c0000000,0x00000000cee5f0e8,0x00000000cf300000)
 Metaspace       used 54207K, committed 55168K, reserved 1114112K
  class space    used 5785K, committed 6208K, reserved 1048576K
}
Event: 64.793 GC heap after
{Heap after GC invocations=290 (full 10):
 PSYoungGen      total 5120K, used 499K [0x00000000eab00000, 0x00000000eba80000, 0x0000000100000000)
  eden space 4608K, 0% used [0x00000000eab00000,0x00000000eab00000,0x00000000eaf80000)
  from space 512K, 97% used [0x00000000eb380000,0x00000000eb3fcce0,0x00000000eb400000)
  to   space 4096K, 0% used [0x00000000eaf80000,0x00000000eaf80000,0x00000000eb380000)
 ParOldGen       total 248832K, used 247010K [0x00000000c0000000, 0x00000000cf300000, 0x00000000eab00000)
  object space 248832K, 99% used [0x00000000c0000000,0x00000000cf138b88,0x00000000cf300000)
 Metaspace       used 54207K, committed 55168K, reserved 1114112K
  class space    used 5785K, committed 6208K, reserved 1048576K
}
Event: 64.793 GC heap before
{Heap before GC invocations=291 (full 11):
 PSYoungGen      total 5120K, used 499K [0x00000000eab00000, 0x00000000eba80000, 0x0000000100000000)
  eden space 4608K, 0% used [0x00000000eab00000,0x00000000eab00000,0x00000000eaf80000)
  from space 512K, 97% used [0x00000000eb380000,0x00000000eb3fcce0,0x00000000eb400000)
  to   space 4096K, 0% used [0x00000000eaf80000,0x00000000eaf80000,0x00000000eb380000)
 ParOldGen       total 248832K, used 247010K [0x00000000c0000000, 0x00000000cf300000, 0x00000000eab00000)
  object space 248832K, 99% used [0x00000000c0000000,0x00000000cf138b88,0x00000000cf300000)
 Metaspace       used 54207K, committed 55168K, reserved 1114112K
  class space    used 5785K, committed 6208K, reserved 1048576K
}
Event: 65.251 GC heap after
{Heap after GC invocations=291 (full 11):
 PSYoungGen      total 8704K, used 0K [0x00000000eab00000, 0x00000000eb880000, 0x0000000100000000)
  eden space 4608K, 0% used [0x00000000eab00000,0x00000000eab00000,0x00000000eaf80000)
  from space 4096K, 0% used [0x00000000eaf80000,0x00000000eaf80000,0x00000000eb380000)
  to   space 4096K, 0% used [0x00000000eb480000,0x00000000eb480000,0x00000000eb880000)
 ParOldGen       total 274432K, used 245558K [0x00000000c0000000, 0x00000000d0c00000, 0x00000000eab00000)
  object space 274432K, 89% used [0x00000000c0000000,0x00000000cefcdac0,0x00000000d0c00000)
 Metaspace       used 54207K, committed 55168K, reserved 1114112K
  class space    used 5785K, committed 6208K, reserved 1048576K
}
Event: 65.289 GC heap before
{Heap before GC invocations=292 (full 11):
 PSYoungGen      total 8704K, used 4608K [0x00000000eab00000, 0x00000000eb880000, 0x0000000100000000)
  eden space 4608K, 100% used [0x00000000eab00000,0x00000000eaf80000,0x00000000eaf80000)
  from space 4096K, 0% used [0x00000000eaf80000,0x00000000eaf80000,0x00000000eb380000)
  to   space 4096K, 0% used [0x00000000eb480000,0x00000000eb480000,0x00000000eb880000)
 ParOldGen       total 274432K, used 245558K [0x00000000c0000000, 0x00000000d0c00000, 0x00000000eab00000)
  object space 274432K, 89% used [0x00000000c0000000,0x00000000cefcdac0,0x00000000d0c00000)
 Metaspace       used 54207K, committed 55168K, reserved 1114112K
  class space    used 5785K, committed 6208K, reserved 1048576K
}
Event: 65.292 GC heap after
{Heap after GC invocations=292 (full 11):
 PSYoungGen      total 7680K, used 1573K [0x00000000eab00000, 0x00000000eb680000, 0x0000000100000000)
  eden space 5632K, 0% used [0x00000000eab00000,0x00000000eab00000,0x00000000eb080000)
  from space 2048K, 76% used [0x00000000eb480000,0x00000000eb609418,0x00000000eb680000)
  to   space 2560K, 0% used [0x00000000eb180000,0x00000000eb180000,0x00000000eb400000)
 ParOldGen       total 274432K, used 245558K [0x00000000c0000000, 0x00000000d0c00000, 0x00000000eab00000)
  object space 274432K, 89% used [0x00000000c0000000,0x00000000cefcdac0,0x00000000d0c00000)
 Metaspace       used 54207K, committed 55168K, reserved 1114112K
  class space    used 5785K, committed 6208K, reserved 1048576K
}
Event: 65.857 GC heap before
{Heap before GC invocations=293 (full 11):
 PSYoungGen      total 7680K, used 7205K [0x00000000eab00000, 0x00000000eb680000, 0x0000000100000000)
  eden space 5632K, 100% used [0x00000000eab00000,0x00000000eb080000,0x00000000eb080000)
  from space 2048K, 76% used [0x00000000eb480000,0x00000000eb609418,0x00000000eb680000)
  to   space 2560K, 0% used [0x00000000eb180000,0x00000000eb180000,0x00000000eb400000)
 ParOldGen       total 274432K, used 245558K [0x00000000c0000000, 0x00000000d0c00000, 0x00000000eab00000)
  object space 274432K, 89% used [0x00000000c0000000,0x00000000cefcdac0,0x00000000d0c00000)
 Metaspace       used 54207K, committed 55168K, reserved 1114112K
  class space    used 5785K, committed 6208K, reserved 1048576K
}
Event: 65.866 GC heap after
{Heap after GC invocations=293 (full 11):
 PSYoungGen      total 8704K, used 1847K [0x00000000eab00000, 0x00000000eb580000, 0x0000000100000000)
  eden space 6656K, 0% used [0x00000000eab00000,0x00000000eab00000,0x00000000eb180000)
  from space 2048K, 90% used [0x00000000eb180000,0x00000000eb34dfd0,0x00000000eb380000)
  to   space 2048K, 0% used [0x00000000eb380000,0x00000000eb380000,0x00000000eb580000)
 ParOldGen       total 274432K, used 246876K [0x00000000c0000000, 0x00000000d0c00000, 0x00000000eab00000)
  object space 274432K, 89% used [0x00000000c0000000,0x00000000cf117030,0x00000000d0c00000)
 Metaspace       used 54207K, committed 55168K, reserved 1114112K
  class space    used 5785K, committed 6208K, reserved 1048576K
}
Event: 65.937 GC heap before
{Heap before GC invocations=294 (full 11):
 PSYoungGen      total 8704K, used 8503K [0x00000000eab00000, 0x00000000eb580000, 0x0000000100000000)
  eden space 6656K, 100% used [0x00000000eab00000,0x00000000eb180000,0x00000000eb180000)
  from space 2048K, 90% used [0x00000000eb180000,0x00000000eb34dfd0,0x00000000eb380000)
  to   space 2048K, 0% used [0x00000000eb380000,0x00000000eb380000,0x00000000eb580000)
 ParOldGen       total 274432K, used 246876K [0x00000000c0000000, 0x00000000d0c00000, 0x00000000eab00000)
  object space 274432K, 89% used [0x00000000c0000000,0x00000000cf117030,0x00000000d0c00000)
 Metaspace       used 54207K, committed 55168K, reserved 1114112K
  class space    used 5785K, committed 6208K, reserved 1048576K
}
Event: 65.940 GC heap after
{Heap after GC invocations=294 (full 11):
 PSYoungGen      total 8704K, used 1986K [0x00000000eab00000, 0x00000000eb680000, 0x0000000100000000)
  eden space 6656K, 0% used [0x00000000eab00000,0x00000000eab00000,0x00000000eb180000)
  from space 2048K, 96% used [0x00000000eb380000,0x00000000eb570858,0x00000000eb580000)
  to   space 2048K, 0% used [0x00000000eb180000,0x00000000eb180000,0x00000000eb380000)
 ParOldGen       total 274432K, used 248534K [0x00000000c0000000, 0x00000000d0c00000, 0x00000000eab00000)
  object space 274432K, 90% used [0x00000000c0000000,0x00000000cf2b5bc0,0x00000000d0c00000)
 Metaspace       used 54207K, committed 55168K, reserved 1114112K
  class space    used 5785K, committed 6208K, reserved 1048576K
}
Event: 66.008 GC heap before
{Heap before GC invocations=295 (full 11):
 PSYoungGen      total 8704K, used 8642K [0x00000000eab00000, 0x00000000eb680000, 0x0000000100000000)
  eden space 6656K, 100% used [0x00000000eab00000,0x00000000eb180000,0x00000000eb180000)
  from space 2048K, 96% used [0x00000000eb380000,0x00000000eb570858,0x00000000eb580000)
  to   space 2048K, 0% used [0x00000000eb180000,0x00000000eb180000,0x00000000eb380000)
 ParOldGen       total 274432K, used 248534K [0x00000000c0000000, 0x00000000d0c00000, 0x00000000eab00000)
  object space 274432K, 90% used [0x00000000c0000000,0x00000000cf2b5bc0,0x00000000d0c00000)
 Metaspace       used 54207K, committed 55168K, reserved 1114112K
  class space    used 5785K, committed 6208K, reserved 1048576K
}
Event: 66.012 GC heap after
{Heap after GC invocations=295 (full 11):
 PSYoungGen      total 8704K, used 2045K [0x00000000eab00000, 0x00000000ebb80000, 0x0000000100000000)
  eden space 6656K, 0% used [0x00000000eab00000,0x00000000eab00000,0x00000000eb180000)
  from space 2048K, 99% used [0x00000000eb180000,0x00000000eb37f480,0x00000000eb380000)
  to   space 4608K, 0% used [0x00000000eb700000,0x00000000eb700000,0x00000000ebb80000)
 ParOldGen       total 274432K, used 250542K [0x00000000c0000000, 0x00000000d0c00000, 0x00000000eab00000)
  object space 274432K, 91% used [0x00000000c0000000,0x00000000cf4ab968,0x00000000d0c00000)
 Metaspace       used 54207K, committed 55168K, reserved 1114112K
  class space    used 5785K, committed 6208K, reserved 1048576K
}
Event: 66.331 GC heap before
{Heap before GC invocations=296 (full 11):
 PSYoungGen      total 8704K, used 8701K [0x00000000eab00000, 0x00000000ebb80000, 0x0000000100000000)
  eden space 6656K, 100% used [0x00000000eab00000,0x00000000eb180000,0x00000000eb180000)
  from space 2048K, 99% used [0x00000000eb180000,0x00000000eb37f480,0x00000000eb380000)
  to   space 4608K, 0% used [0x00000000eb700000,0x00000000eb700000,0x00000000ebb80000)
 ParOldGen       total 274432K, used 250542K [0x00000000c0000000, 0x00000000d0c00000, 0x00000000eab00000)
  object space 274432K, 91% used [0x00000000c0000000,0x00000000cf4ab968,0x00000000d0c00000)
 Metaspace       used 54207K, committed 55168K, reserved 1114112K
  class space    used 5785K, committed 6208K, reserved 1048576K
}
Event: 66.348 GC heap after
{Heap after GC invocations=296 (full 11):
 PSYoungGen      total 9216K, used 2512K [0x00000000eab00000, 0x00000000eb980000, 0x0000000100000000)
  eden space 6656K, 0% used [0x00000000eab00000,0x00000000eab00000,0x00000000eb180000)
  from space 2560K, 98% used [0x00000000eb700000,0x00000000eb974370,0x00000000eb980000)
  to   space 3072K, 0% used [0x00000000eb380000,0x00000000eb380000,0x00000000eb680000)
 ParOldGen       total 274432K, used 252506K [0x00000000c0000000, 0x00000000d0c00000, 0x00000000eab00000)
  object space 274432K, 92% used [0x00000000c0000000,0x00000000cf696998,0x00000000d0c00000)
 Metaspace       used 54207K, committed 55168K, reserved 1114112K
  class space    used 5785K, committed 6208K, reserved 1048576K
}
Event: 66.624 GC heap before
{Heap before GC invocations=297 (full 11):
 PSYoungGen      total 9216K, used 9168K [0x00000000eab00000, 0x00000000eb980000, 0x0000000100000000)
  eden space 6656K, 100% used [0x00000000eab00000,0x00000000eb180000,0x00000000eb180000)
  from space 2560K, 98% used [0x00000000eb700000,0x00000000eb974370,0x00000000eb980000)
  to   space 3072K, 0% used [0x00000000eb380000,0x00000000eb380000,0x00000000eb680000)
 ParOldGen       total 274432K, used 252506K [0x00000000c0000000, 0x00000000d0c00000, 0x00000000eab00000)
  object space 274432K, 92% used [0x00000000c0000000,0x00000000cf696998,0x00000000d0c00000)
 Metaspace       used 54207K, committed 55168K, reserved 1114112K
  class space    used 5785K, committed 6208K, reserved 1048576K
}
Event: 66.630 GC heap after
{Heap after GC invocations=297 (full 11):
 PSYoungGen      total 9728K, used 2626K [0x00000000eab00000, 0x00000000eb780000, 0x0000000100000000)
  eden space 6656K, 0% used [0x00000000eab00000,0x00000000eab00000,0x00000000eb180000)
  from space 3072K, 85% used [0x00000000eb380000,0x00000000eb610a58,0x00000000eb680000)
  to   space 1024K, 0% used [0x00000000eb680000,0x00000000eb680000,0x00000000eb780000)
 ParOldGen       total 274432K, used 254923K [0x00000000c0000000, 0x00000000d0c00000, 0x00000000eab00000)
  object space 274432K, 92% used [0x00000000c0000000,0x00000000cf8f2f80,0x00000000d0c00000)
 Metaspace       used 54207K, committed 55168K, reserved 1114112K
  class space    used 5785K, committed 6208K, reserved 1048576K
}
Event: 66.798 GC heap before
{Heap before GC invocations=298 (full 11):
 PSYoungGen      total 9728K, used 9282K [0x00000000eab00000, 0x00000000eb780000, 0x0000000100000000)
  eden space 6656K, 100% used [0x00000000eab00000,0x00000000eb180000,0x00000000eb180000)
  from space 3072K, 85% used [0x00000000eb380000,0x00000000eb610a58,0x00000000eb680000)
  to   space 1024K, 0% used [0x00000000eb680000,0x00000000eb680000,0x00000000eb780000)
 ParOldGen       total 274432K, used 254923K [0x00000000c0000000, 0x00000000d0c00000, 0x00000000eab00000)
  object space 274432K, 92% used [0x00000000c0000000,0x00000000cf8f2f80,0x00000000d0c00000)
 Metaspace       used 54207K, committed 55168K, reserved 1114112K
  class space    used 5785K, committed 6208K, reserved 1048576K
}
Event: 67.259 GC heap after
{Heap after GC invocations=298 (full 11):
 PSYoungGen      total 7168K, used 1005K [0x00000000eab00000, 0x00000000ebe00000, 0x0000000100000000)
  eden space 6144K, 0% used [0x00000000eab00000,0x00000000eab00000,0x00000000eb100000)
  from space 1024K, 98% used [0x00000000eb680000,0x00000000eb77b7f8,0x00000000eb780000)
  to   space 5632K, 0% used [0x00000000eb100000,0x00000000eb100000,0x00000000eb680000)
 ParOldGen       total 274432K, used 258946K [0x00000000c0000000, 0x00000000d0c00000, 0x00000000eab00000)
  object space 274432K, 94% used [0x00000000c0000000,0x00000000cfce0a88,0x00000000d0c00000)
 Metaspace       used 54207K, committed 55168K, reserved 1114112K
  class space    used 5785K, committed 6208K, reserved 1048576K
}
Event: 67.547 GC heap before
{Heap before GC invocations=299 (full 11):
 PSYoungGen      total 7168K, used 7112K [0x00000000eab00000, 0x00000000ebe00000, 0x0000000100000000)
  eden space 6144K, 99% used [0x00000000eab00000,0x00000000eb0f6b58,0x00000000eb100000)
  from space 1024K, 98% used [0x00000000eb680000,0x00000000eb77b7f8,0x00000000eb780000)
  to   space 5632K, 0% used [0x00000000eb100000,0x00000000eb100000,0x00000000eb680000)
 ParOldGen       total 274432K, used 258946K [0x00000000c0000000, 0x00000000d0c00000, 0x00000000eab00000)
  object space 274432K, 94% used [0x00000000c0000000,0x00000000cfce0a88,0x00000000d0c00000)
 Metaspace       used 54207K, committed 55168K, reserved 1114112K
  class space    used 5785K, committed 6208K, reserved 1048576K
}
Event: 67.563 GC heap after
{Heap after GC invocations=299 (full 11):
 PSYoungGen      total 9216K, used 2597K [0x00000000eab00000, 0x00000000eb900000, 0x0000000100000000)
  eden space 6144K, 0% used [0x00000000eab00000,0x00000000eab00000,0x00000000eb100000)
  from space 3072K, 84% used [0x00000000eb100000,0x00000000eb389798,0x00000000eb400000)
  to   space 3584K, 0% used [0x00000000eb580000,0x00000000eb580000,0x00000000eb900000)
 ParOldGen       total 274432K, used 259886K [0x00000000c0000000, 0x00000000d0c00000, 0x00000000eab00000)
  object space 274432K, 94% used [0x00000000c0000000,0x00000000cfdcb9f8,0x00000000d0c00000)
 Metaspace       used 54207K, committed 55168K, reserved 1114112K
  class space    used 5785K, committed 6208K, reserved 1048576K
}

