# JRE version: OpenJDK Runtime Environment Temurin-17.0.10+7 (17.0.10+7) (build 17.0.10+7)
# Java VM: OpenJDK 64-Bit Server VM Temurin-17.0.10+7 (17.0.10+7, mixed mode, tiered, compressed oops, compressed class ptrs, parallel gc, windows-amd64)
GC Precious Log:
 CPUs: 12 total, 12 available
 Memory: 6005M
 Large Page Support: Disabled
 NUMA Support: Disabled
 Compressed Oops: Enabled (32-bit)
 Alignments: Space 512K, Generation 512K, Heap 2M
 Heap Min Capacity: 100M
 Heap Initial Capacity: 100M
 Heap Max Capacity: 1G
 Pre-touch: Disabled
 Parallel Workers: 10
Heap:
 PSYoungGen      total 23040K, used 7736K [0x00000000eab00000, 0x00000000ec400000, 0x0000000100000000)
  eden space 22016K, 32% used [0x00000000eab00000,0x00000000eb1f84b0,0x00000000ec080000)
  from space 1024K, 58% used [0x00000000ec300000,0x00000000ec395bd8,0x00000000ec400000)
  to   space 1024K, 0% used [0x00000000ec200000,0x00000000ec200000,0x00000000ec300000)
 ParOldGen       total 68608K, used 28094K [0x00000000c0000000, 0x00000000c4300000, 0x00000000eab00000)
  object space 68608K, 40% used [0x00000000c0000000,0x00000000c1b6fa10,0x00000000c4300000)
 Metaspace       used 42325K, committed 43072K, reserved 1114112K
  class space    used 4303K, committed 4608K, reserved 1048576K
GC Heap History (20 events):
Event: 21.766 GC heap before
{Heap before GC invocations=11 (full 2):
 PSYoungGen      total 27648K, used 3500K [0x00000000eab00000, 0x00000000eca00000, 0x0000000100000000)
  eden space 22528K, 0% used [0x00000000eab00000,0x00000000eab00000,0x00000000ec100000)
  from space 5120K, 68% used [0x00000000ec100000,0x00000000ec46b140,0x00000000ec600000)
  to   space 4096K, 0% used [0x00000000ec600000,0x00000000ec600000,0x00000000eca00000)
 ParOldGen       total 68608K, used 9833K [0x00000000c0000000, 0x00000000c4300000, 0x00000000eab00000)
  object space 68608K, 14% used [0x00000000c0000000,0x00000000c099a5b0,0x00000000c4300000)
 Metaspace       used 35185K, committed 35840K, reserved 1114112K
  class space    used 3550K, committed 3840K, reserved 1048576K
}
Event: 21.807 GC heap after
{Heap after GC invocations=11 (full 2):
 PSYoungGen      total 27648K, used 0K [0x00000000eab00000, 0x00000000eca00000, 0x0000000100000000)
  eden space 22528K, 0% used [0x00000000eab00000,0x00000000eab00000,0x00000000ec100000)
  from space 5120K, 0% used [0x00000000ec100000,0x00000000ec100000,0x00000000ec600000)
  to   space 4096K, 0% used [0x00000000ec600000,0x00000000ec600000,0x00000000eca00000)
 ParOldGen       total 68608K, used 12922K [0x00000000c0000000, 0x00000000c4300000, 0x00000000eab00000)
  object space 68608K, 18% used [0x00000000c0000000,0x00000000c0c9ea08,0x00000000c4300000)
 Metaspace       used 35185K, committed 35840K, reserved 1114112K
  class space    used 3550K, committed 3840K, reserved 1048576K
}
Event: 22.368 GC heap before
{Heap before GC invocations=12 (full 2):
 PSYoungGen      total 27648K, used 22528K [0x00000000eab00000, 0x00000000eca00000, 0x0000000100000000)
  eden space 22528K, 100% used [0x00000000eab00000,0x00000000ec100000,0x00000000ec100000)
  from space 5120K, 0% used [0x00000000ec100000,0x00000000ec100000,0x00000000ec600000)
  to   space 4096K, 0% used [0x00000000ec600000,0x00000000ec600000,0x00000000eca00000)
 ParOldGen       total 68608K, used 12922K [0x00000000c0000000, 0x00000000c4300000, 0x00000000eab00000)
  object space 68608K, 18% used [0x00000000c0000000,0x00000000c0c9ea08,0x00000000c4300000)
 Metaspace       used 36771K, committed 37440K, reserved 1114112K
  class space    used 3733K, committed 4032K, reserved 1048576K
}
Event: 22.370 GC heap after
{Heap after GC invocations=12 (full 2):
 PSYoungGen      total 24576K, used 2208K [0x00000000eab00000, 0x00000000ec880000, 0x0000000100000000)
  eden space 22016K, 0% used [0x00000000eab00000,0x00000000eab00000,0x00000000ec080000)
  from space 2560K, 86% used [0x00000000ec600000,0x00000000ec828040,0x00000000ec880000)
  to   space 3072K, 0% used [0x00000000ec280000,0x00000000ec280000,0x00000000ec580000)
 ParOldGen       total 68608K, used 12930K [0x00000000c0000000, 0x00000000c4300000, 0x00000000eab00000)
  object space 68608K, 18% used [0x00000000c0000000,0x00000000c0ca0a08,0x00000000c4300000)
 Metaspace       used 36771K, committed 37440K, reserved 1114112K
  class space    used 3733K, committed 4032K, reserved 1048576K
}
Event: 22.639 GC heap before
{Heap before GC invocations=13 (full 2):
 PSYoungGen      total 24576K, used 24224K [0x00000000eab00000, 0x00000000ec880000, 0x0000000100000000)
  eden space 22016K, 100% used [0x00000000eab00000,0x00000000ec080000,0x00000000ec080000)
  from space 2560K, 86% used [0x00000000ec600000,0x00000000ec828040,0x00000000ec880000)
  to   space 3072K, 0% used [0x00000000ec280000,0x00000000ec280000,0x00000000ec580000)
 ParOldGen       total 68608K, used 12930K [0x00000000c0000000, 0x00000000c4300000, 0x00000000eab00000)
  object space 68608K, 18% used [0x00000000c0000000,0x00000000c0ca0a08,0x00000000c4300000)
 Metaspace       used 36988K, committed 37760K, reserved 1114112K
  class space    used 3752K, committed 4096K, reserved 1048576K
}
Event: 22.643 GC heap after
{Heap after GC invocations=13 (full 2):
 PSYoungGen      total 24576K, used 2240K [0x00000000eab00000, 0x00000000ec680000, 0x0000000100000000)
  eden space 22016K, 0% used [0x00000000eab00000,0x00000000eab00000,0x00000000ec080000)
  from space 2560K, 87% used [0x00000000ec280000,0x00000000ec4b0010,0x00000000ec500000)
  to   space 1536K, 0% used [0x00000000ec500000,0x00000000ec500000,0x00000000ec680000)
 ParOldGen       total 68608K, used 14944K [0x00000000c0000000, 0x00000000c4300000, 0x00000000eab00000)
  object space 68608K, 21% used [0x00000000c0000000,0x00000000c0e98080,0x00000000c4300000)
 Metaspace       used 36988K, committed 37760K, reserved 1114112K
  class space    used 3752K, committed 4096K, reserved 1048576K
}
Event: 22.890 GC heap before
{Heap before GC invocations=14 (full 2):
 PSYoungGen      total 24576K, used 24256K [0x00000000eab00000, 0x00000000ec680000, 0x0000000100000000)
  eden space 22016K, 100% used [0x00000000eab00000,0x00000000ec080000,0x00000000ec080000)
  from space 2560K, 87% used [0x00000000ec280000,0x00000000ec4b0010,0x00000000ec500000)
  to   space 1536K, 0% used [0x00000000ec500000,0x00000000ec500000,0x00000000ec680000)
 ParOldGen       total 68608K, used 14944K [0x00000000c0000000, 0x00000000c4300000, 0x00000000eab00000)
  object space 68608K, 21% used [0x00000000c0000000,0x00000000c0e98080,0x00000000c4300000)
 Metaspace       used 37058K, committed 37760K, reserved 1114112K
  class space    used 3764K, committed 4096K, reserved 1048576K
}
Event: 22.894 GC heap after
{Heap after GC invocations=14 (full 2):
 PSYoungGen      total 23552K, used 1536K [0x00000000eab00000, 0x00000000ec980000, 0x0000000100000000)
  eden space 22016K, 0% used [0x00000000eab00000,0x00000000eab00000,0x00000000ec080000)
  from space 1536K, 100% used [0x00000000ec500000,0x00000000ec680000,0x00000000ec680000)
  to   space 4608K, 0% used [0x00000000ec080000,0x00000000ec080000,0x00000000ec500000)
 ParOldGen       total 68608K, used 17664K [0x00000000c0000000, 0x00000000c4300000, 0x00000000eab00000)
  object space 68608K, 25% used [0x00000000c0000000,0x00000000c1140090,0x00000000c4300000)
 Metaspace       used 37058K, committed 37760K, reserved 1114112K
  class space    used 3764K, committed 4096K, reserved 1048576K
}
Event: 23.071 GC heap before
{Heap before GC invocations=15 (full 2):
 PSYoungGen      total 23552K, used 23552K [0x00000000eab00000, 0x00000000ec980000, 0x0000000100000000)
  eden space 22016K, 100% used [0x00000000eab00000,0x00000000ec080000,0x00000000ec080000)
  from space 1536K, 100% used [0x00000000ec500000,0x00000000ec680000,0x00000000ec680000)
  to   space 4608K, 0% used [0x00000000ec080000,0x00000000ec080000,0x00000000ec500000)
 ParOldGen       total 68608K, used 17664K [0x00000000c0000000, 0x00000000c4300000, 0x00000000eab00000)
  object space 68608K, 25% used [0x00000000c0000000,0x00000000c1140090,0x00000000c4300000)
 Metaspace       used 37058K, committed 37760K, reserved 1114112K
  class space    used 3764K, committed 4096K, reserved 1048576K
}
Event: 23.076 GC heap after
{Heap after GC invocations=15 (full 2):
 PSYoungGen      total 24576K, used 2560K [0x00000000eab00000, 0x00000000ec780000, 0x0000000100000000)
  eden space 22016K, 0% used [0x00000000eab00000,0x00000000eab00000,0x00000000ec080000)
  from space 2560K, 100% used [0x00000000ec080000,0x00000000ec300000,0x00000000ec300000)
  to   space 3584K, 0% used [0x00000000ec400000,0x00000000ec400000,0x00000000ec780000)
 ParOldGen       total 68608K, used 19238K [0x00000000c0000000, 0x00000000c4300000, 0x00000000eab00000)
  object space 68608K, 28% used [0x00000000c0000000,0x00000000c12c9a80,0x00000000c4300000)
 Metaspace       used 37058K, committed 37760K, reserved 1114112K
  class space    used 3764K, committed 4096K, reserved 1048576K
}
Event: 23.183 GC heap before
{Heap before GC invocations=16 (full 2):
 PSYoungGen      total 24576K, used 24576K [0x00000000eab00000, 0x00000000ec780000, 0x0000000100000000)
  eden space 22016K, 100% used [0x00000000eab00000,0x00000000ec080000,0x00000000ec080000)
  from space 2560K, 100% used [0x00000000ec080000,0x00000000ec300000,0x00000000ec300000)
  to   space 3584K, 0% used [0x00000000ec400000,0x00000000ec400000,0x00000000ec780000)
 ParOldGen       total 68608K, used 19238K [0x00000000c0000000, 0x00000000c4300000, 0x00000000eab00000)
  object space 68608K, 28% used [0x00000000c0000000,0x00000000c12c9a80,0x00000000c4300000)
 Metaspace       used 37058K, committed 37760K, reserved 1114112K
  class space    used 3764K, committed 4096K, reserved 1048576K
}
Event: 23.189 GC heap after
{Heap after GC invocations=16 (full 2):
 PSYoungGen      total 25088K, used 2624K [0x00000000eab00000, 0x00000000ec700000, 0x0000000100000000)
  eden space 22016K, 0% used [0x00000000eab00000,0x00000000eab00000,0x00000000ec080000)
  from space 3072K, 85% used [0x00000000ec400000,0x00000000ec690010,0x00000000ec700000)
  to   space 3072K, 0% used [0x00000000ec100000,0x00000000ec100000,0x00000000ec400000)
 ParOldGen       total 68608K, used 21670K [0x00000000c0000000, 0x00000000c4300000, 0x00000000eab00000)
  object space 68608K, 31% used [0x00000000c0000000,0x00000000c1529a80,0x00000000c4300000)
 Metaspace       used 37058K, committed 37760K, reserved 1114112K
  class space    used 3764K, committed 4096K, reserved 1048576K
}
Event: 23.793 GC heap before
{Heap before GC invocations=17 (full 2):
 PSYoungGen      total 25088K, used 24636K [0x00000000eab00000, 0x00000000ec700000, 0x0000000100000000)
  eden space 22016K, 99% used [0x00000000eab00000,0x00000000ec07f018,0x00000000ec080000)
  from space 3072K, 85% used [0x00000000ec400000,0x00000000ec690010,0x00000000ec700000)
  to   space 3072K, 0% used [0x00000000ec100000,0x00000000ec100000,0x00000000ec400000)
 ParOldGen       total 68608K, used 21670K [0x00000000c0000000, 0x00000000c4300000, 0x00000000eab00000)
  object space 68608K, 31% used [0x00000000c0000000,0x00000000c1529a80,0x00000000c4300000)
 Metaspace       used 38895K, committed 39616K, reserved 1114112K
  class space    used 3978K, committed 4288K, reserved 1048576K
}
Event: 23.798 GC heap after
{Heap after GC invocations=17 (full 2):
 PSYoungGen      total 24576K, used 2404K [0x00000000eab00000, 0x00000000ec580000, 0x0000000100000000)
  eden space 22016K, 0% used [0x00000000eab00000,0x00000000eab00000,0x00000000ec080000)
  from space 2560K, 93% used [0x00000000ec100000,0x00000000ec359260,0x00000000ec380000)
  to   space 2048K, 0% used [0x00000000ec380000,0x00000000ec380000,0x00000000ec580000)
 ParOldGen       total 68608K, used 24124K [0x00000000c0000000, 0x00000000c4300000, 0x00000000eab00000)
  object space 68608K, 35% used [0x00000000c0000000,0x00000000c178f310,0x00000000c4300000)
 Metaspace       used 38895K, committed 39616K, reserved 1114112K
  class space    used 3978K, committed 4288K, reserved 1048576K
}
Event: 24.768 GC heap before
{Heap before GC invocations=18 (full 2):
 PSYoungGen      total 24576K, used 24420K [0x00000000eab00000, 0x00000000ec580000, 0x0000000100000000)
  eden space 22016K, 100% used [0x00000000eab00000,0x00000000ec080000,0x00000000ec080000)
  from space 2560K, 93% used [0x00000000ec100000,0x00000000ec359260,0x00000000ec380000)
  to   space 2048K, 0% used [0x00000000ec380000,0x00000000ec380000,0x00000000ec580000)
 ParOldGen       total 68608K, used 24124K [0x00000000c0000000, 0x00000000c4300000, 0x00000000eab00000)
  object space 68608K, 35% used [0x00000000c0000000,0x00000000c178f310,0x00000000c4300000)
 Metaspace       used 40533K, committed 41280K, reserved 1114112K
  class space    used 4141K, committed 4480K, reserved 1048576K
}
Event: 24.772 GC heap after
{Heap after GC invocations=18 (full 2):
 PSYoungGen      total 23040K, used 984K [0x00000000eab00000, 0x00000000ec480000, 0x0000000100000000)
  eden space 22016K, 0% used [0x00000000eab00000,0x00000000eab00000,0x00000000ec080000)
  from space 1024K, 96% used [0x00000000ec380000,0x00000000ec476258,0x00000000ec480000)
  to   space 1536K, 0% used [0x00000000ec180000,0x00000000ec180000,0x00000000ec300000)
 ParOldGen       total 68608K, used 26328K [0x00000000c0000000, 0x00000000c4300000, 0x00000000eab00000)
  object space 68608K, 38% used [0x00000000c0000000,0x00000000c19b6028,0x00000000c4300000)
 Metaspace       used 40533K, committed 41280K, reserved 1114112K
  class space    used 4141K, committed 4480K, reserved 1048576K
}
Event: 25.521 GC heap before
{Heap before GC invocations=19 (full 2):
 PSYoungGen      total 23040K, used 23000K [0x00000000eab00000, 0x00000000ec480000, 0x0000000100000000)
  eden space 22016K, 100% used [0x00000000eab00000,0x00000000ec080000,0x00000000ec080000)
  from space 1024K, 96% used [0x00000000ec380000,0x00000000ec476258,0x00000000ec480000)
  to   space 1536K, 0% used [0x00000000ec180000,0x00000000ec180000,0x00000000ec300000)
 ParOldGen       total 68608K, used 26328K [0x00000000c0000000, 0x00000000c4300000, 0x00000000eab00000)
  object space 68608K, 38% used [0x00000000c0000000,0x00000000c19b6028,0x00000000c4300000)
 Metaspace       used 41815K, committed 42560K, reserved 1114112K
  class space    used 4261K, committed 4608K, reserved 1048576K
}
Event: 25.523 GC heap after
{Heap after GC invocations=19 (full 2):
 PSYoungGen      total 23552K, used 1183K [0x00000000eab00000, 0x00000000ec400000, 0x0000000100000000)
  eden space 22016K, 0% used [0x00000000eab00000,0x00000000eab00000,0x00000000ec080000)
  from space 1536K, 77% used [0x00000000ec180000,0x00000000ec2a7c90,0x00000000ec300000)
  to   space 1024K, 0% used [0x00000000ec300000,0x00000000ec300000,0x00000000ec400000)
 ParOldGen       total 68608K, used 27089K [0x00000000c0000000, 0x00000000c4300000, 0x00000000eab00000)
  object space 68608K, 39% used [0x00000000c0000000,0x00000000c1a74530,0x00000000c4300000)
 Metaspace       used 41815K, committed 42560K, reserved 1114112K
  class space    used 4261K, committed 4608K, reserved 1048576K
}
Event: 25.747 GC heap before
{Heap before GC invocations=20 (full 2):
 PSYoungGen      total 23552K, used 23199K [0x00000000eab00000, 0x00000000ec400000, 0x0000000100000000)
  eden space 22016K, 100% used [0x00000000eab00000,0x00000000ec080000,0x00000000ec080000)
  from space 1536K, 77% used [0x00000000ec180000,0x00000000ec2a7c90,0x00000000ec300000)
  to   space 1024K, 0% used [0x00000000ec300000,0x00000000ec300000,0x00000000ec400000)
 ParOldGen       total 68608K, used 27089K [0x00000000c0000000, 0x00000000c4300000, 0x00000000eab00000)
  object space 68608K, 39% used [0x00000000c0000000,0x00000000c1a74530,0x00000000c4300000)
 Metaspace       used 41836K, committed 42624K, reserved 1114112K
  class space    used 4261K, committed 4608K, reserved 1048576K
}
Event: 25.749 GC heap after
{Heap after GC invocations=20 (full 2):
 PSYoungGen      total 23040K, used 598K [0x00000000eab00000, 0x00000000ec400000, 0x0000000100000000)
  eden space 22016K, 0% used [0x00000000eab00000,0x00000000eab00000,0x00000000ec080000)
  from space 1024K, 58% used [0x00000000ec300000,0x00000000ec395bd8,0x00000000ec400000)
  to   space 1024K, 0% used [0x00000000ec200000,0x00000000ec200000,0x00000000ec300000)
 ParOldGen       total 68608K, used 28094K [0x00000000c0000000, 0x00000000c4300000, 0x00000000eab00000)
  object space 68608K, 40% used [0x00000000c0000000,0x00000000c1b6fa10,0x00000000c4300000)
 Metaspace       used 41836K, committed 42624K, reserved 1114112K
  class space    used 4261K, committed 4608K, reserved 1048576K
}

